#
# There is insufficient memory for the Java Runtime Environment to continue.
# Native memory allocation (mmap) failed to map 266338304 bytes for Failed to commit area from 0x0000000702a00000 to 0x0000000712800000 of length 266338304.
# Possible reasons:
#   The system is out of physical RAM or swap space
#   The process is running with CompressedOops enabled, and the Java Heap may be blocking the growth of the native heap
# Possible solutions:
#   Reduce memory load on the system
#   Increase physical memory or swap space
#   Check if swap backing store is full
#   Decrease Java heap size (-Xmx/-Xms)
#   Decrease number of Java threads
#   Decrease Java thread stack sizes (-Xss)
#   Set larger code cache with -XX:ReservedCodeCacheSize=
# This output file may be truncated or incomplete.
#
#  Out of Memory Error (t:/workspace/open/src/hotspot/os/windows/os_windows.cpp:3254), pid=10440, tid=17484
#
# JRE version:  (12.0.1+12) (build )
# Java VM: Java HotSpot(TM) 64-Bit Server VM (12.0.1+12, mixed mode, sharing, tiered, compressed oops, g1 gc, windows-amd64)
# No core dump will be written. Minidumps are not enabled by default on client versions of Windows
#

---------------  S U M M A R Y ------------

Command Line: -agentlib:jdwp=transport=dt_socket,address=127.0.0.1:65025,suspend=y,server=n -Dfile.encoding=UTF-8 com.company.Main

Host: Intel(R) Core(TM) i7-6700HQ CPU @ 2.60GHz, 8 cores, 15G,  Windows 10 , 64 bit Build 17763 (10.0.17763.475)
Time: Wed May 15 22:56:04 2019 Hora de verano central (México) elapsed time: 0 seconds (0d 0h 0m 0s)

---------------  T H R E A D  ---------------

Current thread (0x000001d1f287d800):  JavaThread "Unknown thread" [_thread_in_vm, id=17484, stack(0x000000470ca00000,0x000000470cb00000)]

Stack: [0x000000470ca00000,0x000000470cb00000]
Native frames: (J=compiled Java code, j=interpreted, Vv=VM code, C=native code)
V  [jvm.dll+0x63948a]
V  [jvm.dll+0x78b31f]
V  [jvm.dll+0x78c9c1]
V  [jvm.dll+0x78d013]
V  [jvm.dll+0x262138]
V  [jvm.dll+0x63698a]
V  [jvm.dll+0x62b505]
V  [jvm.dll+0x31d9bc]
V  [jvm.dll+0x31d7ef]
V  [jvm.dll+0x323526]
V  [jvm.dll+0x370f76]
V  [jvm.dll+0x370750]
V  [jvm.dll+0x2f786a]
V  [jvm.dll+0x2f8af2]
V  [jvm.dll+0x7657b7]
V  [jvm.dll+0x766e95]
V  [jvm.dll+0x37f089]
V  [jvm.dll+0x749b14]
V  [jvm.dll+0x3ee48d]
V  [jvm.dll+0x3f03c1]
C  [jli.dll+0x51cf]
C  [ucrtbase.dll+0x21ffa]
C  [KERNEL32.DLL+0x17974]
C  [ntdll.dll+0x6a271]


---------------  P R O C E S S  ---------------

Threads class SMR info:
_java_thread_list=0x00007fff23ca48e8, length=0, elements={
}

Java Threads: ( => current thread )

Other Threads:
  0x000001d1f28e1800 GCTaskThread "GC Thread#0" [stack: 0x000000470cb00000,0x000000470cc00000] [id=11216]
  0x000001d1f28fc000 ConcurrentGCThread "G1 Main Marker" [stack: 0x000000470cc00000,0x000000470cd00000] [id=13280]
  0x000001d1f28fe000 ConcurrentGCThread "G1 Conc#0" [stack: 0x000000470cd00000,0x000000470ce00000] [id=12936]

[error occurred during error reporting (printing all threads), id 0xc0000005, EXCEPTION_ACCESS_VIOLATION (0xc0000005) at pc=0x00007fff234d7a37]

VM state:not at safepoint (not fully initialized)

VM Mutex/Monitor currently owned by a thread:  ([mutex/lock_event])
[0x000001d1f2879ad0] Heap_lock - owner thread: 0x000001d1f287d800

Heap address: 0x0000000702a00000, size: 4054 MB, Compressed Oops mode: Non-zero based: 0x0000000702a00000
Narrow klass base: 0x0000000000000000, Narrow klass shift: 0

GC Heap History (0 events):
No events

Deoptimization events (0 events):
No events

Classes redefined (0 events):
No events

Internal exceptions (0 events):
No events

Events (0 events):
No events


Dynamic libraries:
0x00007ff618a10000 - 0x00007ff618a1f000 	C:\Program Files\Java\jdk-12.0.1\bin\java.exe
0x00007fff553e0000 - 0x00007fff555cd000 	C:\WINDOWS\SYSTEM32\ntdll.dll
0x00007fff545d0000 - 0x00007fff54683000 	C:\WINDOWS\System32\KERNEL32.DLL
0x00007fff52050000 - 0x00007fff522e3000 	C:\WINDOWS\System32\KERNELBASE.dll
0x00007fff51d70000 - 0x00007fff51e6a000 	C:\WINDOWS\System32\ucrtbase.dll
0x00007fff46300000 - 0x00007fff46318000 	C:\Program Files\Java\jdk-12.0.1\bin\jli.dll
0x00007fff46320000 - 0x00007fff46336000 	C:\Program Files\Java\jdk-12.0.1\bin\VCRUNTIME140.dll
0x00007fff54720000 - 0x00007fff547c3000 	C:\WINDOWS\System32\ADVAPI32.dll
0x00007fff52af0000 - 0x00007fff52b8e000 	C:\WINDOWS\System32\msvcrt.dll
0x00007fff52eb0000 - 0x00007fff52f4e000 	C:\WINDOWS\System32\sechost.dll
0x00007fff52610000 - 0x00007fff52732000 	C:\WINDOWS\System32\RPCRT4.dll
0x00007fff52770000 - 0x00007fff52907000 	C:\WINDOWS\System32\USER32.dll
0x00007fff52350000 - 0x00007fff52370000 	C:\WINDOWS\System32\win32u.dll
0x00007fff2ed10000 - 0x00007fff2ef89000 	C:\WINDOWS\WinSxS\amd64_microsoft.windows.common-controls_6595b64144ccf1df_6.0.17763.475_none_05b43ca607202c6c\COMCTL32.dll
0x00007fff52740000 - 0x00007fff52769000 	C:\WINDOWS\System32\GDI32.dll
0x00007fff547d0000 - 0x00007fff54afc000 	C:\WINDOWS\System32\combase.dll
0x00007fff52370000 - 0x00007fff5250a000 	C:\WINDOWS\System32\gdi32full.dll
0x00007fff51c00000 - 0x00007fff51ca0000 	C:\WINDOWS\System32\msvcp_win.dll
0x00007fff51ca0000 - 0x00007fff51d1e000 	C:\WINDOWS\System32\bcryptPrimitives.dll
0x00007fff483d0000 - 0x00007fff483da000 	C:\WINDOWS\SYSTEM32\VERSION.dll
0x00007fff53020000 - 0x00007fff5304e000 	C:\WINDOWS\System32\IMM32.DLL
0x00007fff46250000 - 0x00007fff462fa000 	C:\Program Files\Java\jdk-12.0.1\bin\msvcp140.dll
0x00007fff231d0000 - 0x00007fff23d44000 	C:\Program Files\Java\jdk-12.0.1\bin\server\jvm.dll
0x00007fff545c0000 - 0x00007fff545c8000 	C:\WINDOWS\System32\PSAPI.DLL
0x00007fff4f3f0000 - 0x00007fff4f414000 	C:\WINDOWS\SYSTEM32\WINMM.dll
0x00007fff398f0000 - 0x00007fff398f9000 	C:\WINDOWS\SYSTEM32\WSOCK32.dll
0x00007fff55270000 - 0x00007fff552dd000 	C:\WINDOWS\System32\WS2_32.dll
0x00007fff4f260000 - 0x00007fff4f28d000 	C:\WINDOWS\SYSTEM32\winmmbase.dll
0x00007fff51d20000 - 0x00007fff51d6a000 	C:\WINDOWS\System32\cfgmgr32.dll
0x00007fff51490000 - 0x00007fff514a1000 	C:\WINDOWS\System32\kernel.appcore.dll
0x00007fff46230000 - 0x00007fff46241000 	C:\Program Files\Java\jdk-12.0.1\bin\verify.dll
0x00007fff4fc60000 - 0x00007fff4fe4d000 	C:\WINDOWS\SYSTEM32\DBGHELP.DLL
0x00007fff43ae0000 - 0x00007fff43b0a000 	C:\WINDOWS\SYSTEM32\dbgcore.DLL
0x00007fff42df0000 - 0x00007fff42e16000 	C:\Program Files\Java\jdk-12.0.1\bin\java.dll
0x00007fff412f0000 - 0x00007fff41328000 	C:\Program Files\Java\jdk-12.0.1\bin\jdwp.dll
0x00007fff46210000 - 0x00007fff46227000 	C:\Program Files\Java\jdk-12.0.1\bin\zip.dll
0x00007fff47710000 - 0x00007fff4771a000 	C:\Program Files\Java\jdk-12.0.1\bin\jimage.dll

dbghelp: loaded successfully - version: 4.0.5 - missing functions: none
symbol engine: initialized successfully - sym options: 0x614 - pdb path: .;C:\Program Files\Java\jdk-12.0.1\bin;C:\WINDOWS\SYSTEM32;C:\WINDOWS\WinSxS\amd64_microsoft.windows.common-controls_6595b64144ccf1df_6.0.17763.475_none_05b43ca607202c6c;C:\Program Files\Java\jdk-12.0.1\bin\server

VM Arguments:
jvm_args: -agentlib:jdwp=transport=dt_socket,address=127.0.0.1:65025,suspend=y,server=n -Dfile.encoding=UTF-8 
java_command: com.company.Main
java_class_path (initial): C:\Users\alan5\floobits\share\EdgarMtz00\CocoChatServer\build\production\CocoChatServer;C:\Users\alan5\floobits\share\EdgarMtz00\CocoChatServer\lib\gson-2.8.5.jar;C:\Users\alan5\floobits\share\EdgarMtz00\CocoChatServer\lib\mysql-connector-java-8.0.16.jar;C:\Users\alan5\AppData\Local\JetBrains\Toolbox\apps\IDEA-U\ch-0\182.4892.20\lib\idea_rt.jar
Launcher Type: SUN_STANDARD

[Global flags]
     intx CICompilerCount                          = 4                                         {product} {ergonomic}
     uint ConcGCThreads                            = 2                                         {product} {ergonomic}
     uint G1ConcRefinementThreads                  = 8                                         {product} {ergonomic}
   size_t G1HeapRegionSize                         = 1048576                                   {product} {ergonomic}
    uintx GCDrainStackTargetSize                   = 64                                        {product} {ergonomic}
   size_t InitialHeapSize                          = 266338304                                 {product} {ergonomic}
   size_t MarkStackSize                            = 4194304                                   {product} {ergonomic}
   size_t MaxHeapSize                              = 4250927104                                {product} {ergonomic}
   size_t MinHeapDeltaBytes                        = 1048576                                   {product} {ergonomic}
    uintx NonNMethodCodeHeapSize                   = 5836300                                {pd product} {ergonomic}
    uintx NonProfiledCodeHeapSize                  = 122910970                              {pd product} {ergonomic}
    uintx ProfiledCodeHeapSize                     = 122910970                              {pd product} {ergonomic}
    uintx ReservedCodeCacheSize                    = 251658240                              {pd product} {ergonomic}
     bool SegmentedCodeCache                       = true                                      {product} {ergonomic}
     bool UseCompressedClassPointers               = true                                 {lp64_product} {ergonomic}
     bool UseCompressedOops                        = true                                 {lp64_product} {ergonomic}
     bool UseG1GC                                  = true                                      {product} {ergonomic}
     bool UseLargePagesIndividualAllocation        = false                                  {pd product} {ergonomic}

Logging:
Log output configuration:
 #0: stdout all=warning uptime,level,tags
 #1: stderr all=off uptime,level,tags

Environment Variables:
JAVA_HOME=C:\Program Files (x86)\Java\jdk1.8.0_181
PATH=C:\Program Files (x86)\Microsoft SDKs\Azure\CLI2\wbin;C:\Program Files (x86)\Common Files\Oracle\Java\javapath;C:\VulkanSDK\1.1.92.1\Bin;C:\Program Files\Microsoft MPI\Bin\;C:\Program Files (x86)\Intel\iCLS Client\;C:\Program Files\Intel\iCLS Client\;C:\Windows\system32;C:\Windows;C:\Windows\System32\Wbem;C:\Windows\System32\WindowsPowerShell\v1.0\;C:\Program Files (x86)\Common Files\lenovo\easyplussdk\bin;C:\Program Files (x86)\NVIDIA Corporation\PhysX\Common;C:\Program Files (x86)\Intel\Intel(R) Management Engine Components\DAL;C:\Program Files\Intel\Intel(R) Management Engine Components\DAL;C:\Program Files (x86)\Intel\Intel(R) Management Engine Components\IPT;C:\Program Files\Intel\Intel(R) Management Engine Components\IPT;C:\Program Files\Intel\WiFi\bin\;C:\Program Files\Common Files\Intel\WirelessCommon\;C:\WINDOWS\system32;C:\WINDOWS;C:\WINDOWS\System32\Wbem;C:\WINDOWS\System32\WindowsPowerShell\v1.0\;C:\WINDOWS\System32\OpenSSH\;C:\Program Files\dotnet\;C:\Program Files\Microsoft SQL Server\130\Tools\Binn\;C:\Program Files\nodejs\;C:\Program Files\Git\cmd;C:\Program Files\Microsoft\Web Platform Installer\;C:\Program Files (x86)\dotnet\;C:\Program Files\NVIDIA Corporation\NVIDIA NvDLISR;C:\Program Files\LLVM\bin;C:\Program Files\PuTTY\;C:\Program Files\TortoiseHg\;C:\Program Files (x86)\STMicroelectronics\STM32 ST-LINK Utility\ST-LINK Utility;C:\Program Files\Java\jdk1.8.0_181\bin;C:\ProgramData\chocolatey\bin;C:\Program Files\Microsoft SQL Server\Client SDK\ODBC\110\Tools\Binn\;C:\Program Files (x86)\Microsoft SQL Server\120\Tools\Binn\;C:\Program Files\Microsoft SQL Server\120\Tools\Binn\;C:\Program Files\Microsoft SQL Server\120\DTS\Binn\;C:\Program Files (x86)\Microsoft SQL Server\120\Tools\Binn\ManagementStudio\;C:\Program Files (x86)\Microsoft SQL Server\120\DTS\Binn\;C:\Program Files\CMake\bin;C:\Program Files\Microsoft SQL Server\Client SDK\ODBC\170\Tools\Binn\;C:\WINDOWS\system32;C:\WINDOWS;C:\WINDOWS\System32\Wbem;C:\WINDOWS\System32\WindowsPowerS
USERNAME=alan5
OS=Windows_NT
PROCESSOR_IDENTIFIER=Intel64 Family 6 Model 94 Stepping 3, GenuineIntel



---------------  S Y S T E M  ---------------

OS: Windows 10 , 64 bit Build 17763 (10.0.17763.475)

CPU:total 8 (initial active 8) (4 cores per cpu, 2 threads per core) family 6 model 94 stepping 3, cmov, cx8, fxsr, mmx, sse, sse2, sse3, ssse3, sse4.1, sse4.2, popcnt, avx, avx2, aes, clmul, erms, rtm, 3dnowpref, lzcnt, ht, tsc, tscinvbit, bmi1, bmi2, adx, fma

Memory: 4k page, system-wide physical 16211M (3835M free)
TotalPageFile size 19307M (AvailPageFile size 63M)
current process WorkingSet (physical memory assigned to process): 10M, peak: 10M
current process commit charge ("private bytes"): 61M, peak: 315M

vm_info: Java HotSpot(TM) 64-Bit Server VM (12.0.1+12) for windows-amd64 JRE (12.0.1+12), built on Apr  2 2019 14:02:19 by "mach5one" with MS VC++ 15.5 (VS2017)

END.
